# JRE version: Java(TM) SE Runtime Environment (8.0_162-b12) (build 1.8.0_162-b12)
# Java VM: Java HotSpot(TM) 64-Bit Server VM (25.162-b12 mixed mode bsd-amd64 compressed oops)
Heap:
 PSYoungGen      total 1576448K, used 302138K [0x0000000738e00000, 0x000000079a600000, 0x00000007c0000000)
  eden space 1561600K, 18% used [0x0000000738e00000,0x000000074a693d58,0x0000000798300000)
  from space 14848K, 99% used [0x0000000799380000,0x000000079a1fad78,0x000000079a200000)
  to   space 16896K, 0% used [0x0000000798300000,0x0000000798300000,0x0000000799380000)
 ParOldGen       total 1831936K, used 1368393K [0x000000062aa00000, 0x000000069a700000, 0x0000000738e00000)
  object space 1831936K, 74% used [0x000000062aa00000,0x000000067e2526c0,0x000000069a700000)
 Metaspace       used 125443K, capacity 129851K, committed 129920K, reserved 1161216K
  class space    used 17384K, capacity 18491K, committed 18560K, reserved 1048576K
GC Heap History (10 events):
Event: 2185.608 GC heap before
{Heap before GC invocations=139 (full 9):
 PSYoungGen      total 1566720K, used 1563419K [0x0000000738e00000, 0x0000000799300000, 0x00000007c0000000)
  eden space 1557504K, 100% used [0x0000000738e00000,0x0000000797f00000,0x0000000797f00000)
  from space 9216K, 64% used [0x0000000797f00000,0x00000007984c6c30,0x0000000798800000)
  to   space 9216K, 0% used [0x0000000798a00000,0x0000000798a00000,0x0000000799300000)
 ParOldGen       total 1831936K, used 1354929K [0x000000062aa00000, 0x000000069a700000, 0x0000000738e00000)
  object space 1831936K, 73% used [0x000000062aa00000,0x000000067d52c450,0x000000069a700000)
 Metaspace       used 124966K, capacity 129333K, committed 129664K, reserved 1161216K
  class space    used 17339K, capacity 18440K, committed 18560K, reserved 1048576K
Event: 2185.630 GC heap after
Heap after GC invocations=139 (full 9):
 PSYoungGen      total 1568768K, used 5846K [0x0000000738e00000, 0x0000000799300000, 0x00000007c0000000)
  eden space 1559552K, 0% used [0x0000000738e00000,0x0000000738e00000,0x0000000798100000)
  from space 9216K, 63% used [0x0000000798a00000,0x0000000798fb5be0,0x0000000799300000)
  to   space 9216K, 0% used [0x0000000798100000,0x0000000798100000,0x0000000798a00000)
 ParOldGen       total 1831936K, used 1354945K [0x000000062aa00000, 0x000000069a700000, 0x0000000738e00000)
  object space 1831936K, 73% used [0x000000062aa00000,0x000000067d530450,0x000000069a700000)
 Metaspace       used 124966K, capacity 129333K, committed 129664K, reserved 1161216K
  class space    used 17339K, capacity 18440K, committed 18560K, reserved 1048576K
}
Event: 2210.964 GC heap before
{Heap before GC invocations=140 (full 9):
 PSYoungGen      total 1568768K, used 1565398K [0x0000000738e00000, 0x0000000799300000, 0x00000007c0000000)
  eden space 1559552K, 100% used [0x0000000738e00000,0x0000000798100000,0x0000000798100000)
  from space 9216K, 63% used [0x0000000798a00000,0x0000000798fb5be0,0x0000000799300000)
  to   space 9216K, 0% used [0x0000000798100000,0x0000000798100000,0x0000000798a00000)
 ParOldGen       total 1831936K, used 1354945K [0x000000062aa00000, 0x000000069a700000, 0x0000000738e00000)
  object space 1831936K, 73% used [0x000000062aa00000,0x000000067d530450,0x000000069a700000)
 Metaspace       used 124968K, capacity 129333K, committed 129664K, reserved 1161216K
  class space    used 17339K, capacity 18440K, committed 18560K, reserved 1048576K
Event: 2210.977 GC heap after
Heap after GC invocations=140 (full 9):
 PSYoungGen      total 1568768K, used 4745K [0x0000000738e00000, 0x0000000799500000, 0x00000007c0000000)
  eden space 1559552K, 0% used [0x0000000738e00000,0x0000000738e00000,0x0000000798100000)
  from space 9216K, 51% used [0x0000000798100000,0x00000007985a24b0,0x0000000798a00000)
  to   space 9216K, 0% used [0x0000000798c00000,0x0000000798c00000,0x0000000799500000)
 ParOldGen       total 1831936K, used 1354961K [0x000000062aa00000, 0x000000069a700000, 0x0000000738e00000)
  object space 1831936K, 73% used [0x000000062aa00000,0x000000067d534450,0x000000069a700000)
 Metaspace       used 124968K, capacity 129333K, committed 129664K, reserved 1161216K
  class space    used 17339K, capacity 18440K, committed 18560K, reserved 1048576K
}
Event: 2232.826 GC heap before
{Heap before GC invocations=141 (full 9):
 PSYoungGen      total 1568768K, used 1564297K [0x0000000738e00000, 0x0000000799500000, 0x00000007c0000000)
  eden space 1559552K, 100% used [0x0000000738e00000,0x0000000798100000,0x0000000798100000)
  from space 9216K, 51% used [0x0000000798100000,0x00000007985a24b0,0x0000000798a00000)
  to   space 9216K, 0% used [0x0000000798c00000,0x0000000798c00000,0x0000000799500000)
 ParOldGen       total 1831936K, used 1354961K [0x000000062aa00000, 0x000000069a700000, 0x0000000738e00000)
  object space 1831936K, 73% used [0x000000062aa00000,0x000000067d534450,0x000000069a700000)
 Metaspace       used 124981K, capacity 129337K, committed 129664K, reserved 1161216K
  class space    used 17339K, capacity 18440K, committed 18560K, reserved 1048576K
Event: 2232.838 GC heap after
Heap after GC invocations=141 (full 9):
 PSYoungGen      total 1570816K, used 4854K [0x0000000738e00000, 0x0000000799500000, 0x00000007c0000000)
  eden space 1561600K, 0% used [0x0000000738e00000,0x0000000738e00000,0x0000000798300000)
  from space 9216K, 52% used [0x0000000798c00000,0x00000007990bdbe0,0x0000000799500000)
  to   space 9216K, 0% used [0x0000000798300000,0x0000000798300000,0x0000000798c00000)
 ParOldGen       total 1831936K, used 1354977K [0x000000062aa00000, 0x000000069a700000, 0x0000000738e00000)
  object space 1831936K, 73% used [0x000000062aa00000,0x000000067d538450,0x000000069a700000)
 Metaspace       used 124981K, capacity 129337K, committed 129664K, reserved 1161216K
  class space    used 17339K, capacity 18440K, committed 18560K, reserved 1048576K
}
Event: 2254.075 GC heap before
{Heap before GC invocations=142 (full 9):
 PSYoungGen      total 1570816K, used 1566454K [0x0000000738e00000, 0x0000000799500000, 0x00000007c0000000)
  eden space 1561600K, 100% used [0x0000000738e00000,0x0000000798300000,0x0000000798300000)
  from space 9216K, 52% used [0x0000000798c00000,0x00000007990bdbe0,0x0000000799500000)
  to   space 9216K, 0% used [0x0000000798300000,0x0000000798300000,0x0000000798c00000)
 ParOldGen       total 1831936K, used 1354977K [0x000000062aa00000, 0x000000069a700000, 0x0000000738e00000)
  object space 1831936K, 73% used [0x000000062aa00000,0x000000067d538450,0x000000069a700000)
 Metaspace       used 125092K, capacity 129421K, committed 129664K, reserved 1161216K
  class space    used 17343K, capacity 18442K, committed 18560K, reserved 1048576K
Event: 2254.092 GC heap after
Heap after GC invocations=142 (full 9):
 PSYoungGen      total 1570816K, used 9213K [0x0000000738e00000, 0x000000079a200000, 0x00000007c0000000)
  eden space 1561600K, 0% used [0x0000000738e00000,0x0000000738e00000,0x0000000798300000)
  from space 9216K, 99% used [0x0000000798300000,0x0000000798bff560,0x0000000798c00000)
  to   space 14848K, 0% used [0x0000000799380000,0x0000000799380000,0x000000079a200000)
 ParOldGen       total 1831936K, used 1368249K [0x000000062aa00000, 0x000000069a700000, 0x0000000738e00000)
  object space 1831936K, 74% used [0x000000062aa00000,0x000000067e22e500,0x000000069a700000)
 Metaspace       used 125092K, capacity 129421K, committed 129664K, reserved 1161216K
  class space    used 17343K, capacity 18442K, committed 18560K, reserved 1048576K
}
Event: 2292.631 GC heap before
{Heap before GC invocations=143 (full 9):
 PSYoungGen      total 1570816K, used 1570736K [0x0000000738e00000, 0x000000079a200000, 0x00000007c0000000)
  eden space 1561600K, 99% used [0x0000000738e00000,0x00000007982eccf8,0x0000000798300000)
  from space 9216K, 99% used [0x0000000798300000,0x0000000798bff560,0x0000000798c00000)
  to   space 14848K, 0% used [0x0000000799380000,0x0000000799380000,0x000000079a200000)
 ParOldGen       total 1831936K, used 1368249K [0x000000062aa00000, 0x000000069a700000, 0x0000000738e00000)
  object space 1831936K, 74% used [0x000000062aa00000,0x000000067e22e500,0x000000069a700000)
 Metaspace       used 125432K, capacity 129851K, committed 129920K, reserved 1161216K
  class space    used 17384K, capacity 18491K, committed 18560K, reserved 1048576K
Event: 2292.650 GC heap after
Heap after GC invocations=143 (full 9):
 PSYoungGen      total 1576448K, used 14827K [0x0000000738e00000, 0x000000079a600000, 0x00000007c0000000)
  eden space 1561600K, 0% used [0x0000000738e00000,0x0000000738e00000,0x0000000798300000)
  from space 14848K, 99% used [0x0000000799380000,0x000000079a1fad78,0x000000079a200000)
  to   space 16896K, 0% used [0x0000000798300000,0x0000000798300000,0x0000000799380000)
 ParOldGen       total 1831936K, used 1368393K [0x000000062aa00000, 0x000000069a700000, 0x0000000738e00000)
  object space 1831936K, 74% used [0x000000062aa00000,0x000000067e2526c0,0x000000069a700000)
 Metaspace       used 125432K, capacity 129851K, committed 129920K, reserved 1161216K
  class space    used 17384K, capacity 18491K, committed 18560K, reserved 1048576K
}

